<?xml version="1.0" encoding="UTF-8"?>
<testsuite name="com.csc.TestCalculator" tests="7" skipped="0" failures="0" errors="0" timestamp="2024-12-02T20:18:54" hostname="LAPTOP-6FMU26UG" time="0.054">
  <properties/>
  <testcase name="testSum()" classname="com.csc.TestCalculator" time="0.029"/>
  <testcase name="testAverage()" classname="com.csc.TestCalculator" time="0.007"/>
  <testcase name="testAllSameValues()" classname="com.csc.TestCalculator" time="0.001"/>
  <testcase name="testMaximum()" classname="com.csc.TestCalculator" time="0.003"/>
  <testcase name="testMinimum()" classname="com.csc.TestCalculator" time="0.002"/>
  <testcase name="testNegativeValues()" classname="com.csc.TestCalculator" time="0.001"/>
  <testcase name="testSingleElementArray()" classname="com.csc.TestCalculator" time="0.001"/>
  <system-out><![CDATA[]]></system-out>
  <system-err><![CDATA[]]></system-err>
</testsuite>
